<?xml version="1.0" encoding="UTF-8"?>
<!-- Generated by org.testng.reporters.JUnitXMLReporter -->
<testsuite ignored="0" hostname="Admin" failures="0" tests="7" name="Default test" time="46.495" errors="0" timestamp="2022-06-18T16:31:24 IST">
  <testcase classname="com.Testng1.OpencartWithTestng" name="test01" time="12.723"/>
  <testcase classname="com.Testng1.OpencartWithTestng" name="test02" time="6.399"/>
  <testcase classname="com.Testng1.OpencartWithTestng" name="test04" time="4.707"/>
  <testcase classname="com.Testng1.OpencartWithTestng" name="test03" time="6.729"/>
  <testcase classname="com.Testng1.OpencartWithTestng" name="test07" time="5.109"/>
  <testcase classname="com.Testng1.OpencartWithTestng" name="test06" time="6.614"/>
  <testcase classname="com.Testng1.OpencartWithTestng" name="test05" time="4.048"/>
</testsuite> <!-- Default test -->
